{"level":"info","message":"PandaUra Data Bridge started on port 3001","timestamp":"2025-11-28T12:41:19.816Z"}
{"level":"info","message":"WebSocket server on port 3002","timestamp":"2025-11-28T12:41:19.818Z"}
{"level":"info","message":"Configuration: {\n  \"PORT\": 3001,\n  \"PANDAURA_HOST\": \"localhost:8000\",\n  \"MQTT_BROKER\": \"mqtt://localhost:1883\",\n  \"CSV_OUTPUT_DIR\": \"./data/csv_exports\",\n  \"LOG_LEVEL\": \"info\",\n  \"SYNC_INTERVAL\": 1000\n}","timestamp":"2025-11-28T12:41:19.819Z"}
{"code":"ECONNREFUSED","level":"error","message":"MQTT error:","stack":"AggregateError [ECONNREFUSED]: \n    at internalConnectMultiple (node:net:1134:18)\n    at afterConnectMultiple (node:net:1715:7)","timestamp":"2025-11-28T12:41:19.826Z"}
{"code":"ECONNRESET","level":"error","message":"PandaUra WebSocket error: socket hang up","stack":"Error: socket hang up\n    at Socket.socketOnEnd (node:_http_client:542:25)\n    at Socket.emit (node:events:530:35)\n    at endReadableNT (node:internal/streams/readable:1698:12)\n    at process.processTicksAndRejections (node:internal/process/task_queues:90:21)","timestamp":"2025-11-28T12:41:20.831Z"}
{"level":"warn","message":"PandaUra connection closed, attempting reconnect...","timestamp":"2025-11-28T12:41:20.833Z"}
{"code":"ECONNREFUSED","level":"error","message":"MQTT error:","stack":"AggregateError [ECONNREFUSED]: \n    at internalConnectMultiple (node:net:1134:18)\n    at afterConnectMultiple (node:net:1715:7)","timestamp":"2025-11-28T12:41:20.837Z"}
{"code":"ECONNREFUSED","level":"error","message":"MQTT error:","stack":"AggregateError [ECONNREFUSED]: \n    at internalConnectMultiple (node:net:1134:18)\n    at afterConnectMultiple (node:net:1715:7)","timestamp":"2025-11-28T12:41:21.848Z"}
{"code":"ECONNREFUSED","level":"error","message":"MQTT error:","stack":"AggregateError [ECONNREFUSED]: \n    at internalConnectMultiple (node:net:1134:18)\n    at afterConnectMultiple (node:net:1715:7)","timestamp":"2025-11-28T12:41:22.855Z"}
{"code":"ECONNREFUSED","level":"error","message":"MQTT error:","stack":"AggregateError [ECONNREFUSED]: \n    at internalConnectMultiple (node:net:1134:18)\n    at afterConnectMultiple (node:net:1715:7)","timestamp":"2025-11-28T12:41:23.868Z"}
{"code":"ECONNREFUSED","level":"error","message":"MQTT error:","stack":"AggregateError [ECONNREFUSED]: \n    at internalConnectMultiple (node:net:1134:18)\n    at afterConnectMultiple (node:net:1715:7)","timestamp":"2025-11-28T12:41:24.873Z"}
{"code":"ECONNREFUSED","level":"error","message":"MQTT error:","stack":"AggregateError [ECONNREFUSED]: \n    at internalConnectMultiple (node:net:1134:18)\n    at afterConnectMultiple (node:net:1715:7)","timestamp":"2025-11-28T12:41:25.891Z"}
{"code":"ECONNRESET","level":"error","message":"PandaUra WebSocket error: socket hang up","stack":"Error: socket hang up\n    at Socket.socketOnEnd (node:_http_client:542:25)\n    at Socket.emit (node:events:530:35)\n    at endReadableNT (node:internal/streams/readable:1698:12)\n    at process.processTicksAndRejections (node:internal/process/task_queues:90:21)","timestamp":"2025-11-28T12:41:26.843Z"}
{"level":"warn","message":"PandaUra connection closed, attempting reconnect...","timestamp":"2025-11-28T12:41:26.843Z"}
{"code":"ECONNREFUSED","level":"error","message":"MQTT error:","stack":"AggregateError [ECONNREFUSED]: \n    at internalConnectMultiple (node:net:1134:18)\n    at afterConnectMultiple (node:net:1715:7)","timestamp":"2025-11-28T12:41:26.899Z"}
{"code":"ECONNREFUSED","level":"error","message":"MQTT error:","stack":"AggregateError [ECONNREFUSED]: \n    at internalConnectMultiple (node:net:1134:18)\n    at afterConnectMultiple (node:net:1715:7)","timestamp":"2025-11-28T12:41:27.903Z"}
{"code":"ECONNREFUSED","level":"error","message":"MQTT error:","stack":"AggregateError [ECONNREFUSED]: \n    at internalConnectMultiple (node:net:1134:18)\n    at afterConnectMultiple (node:net:1715:7)","timestamp":"2025-11-28T12:41:28.915Z"}
{"code":"ECONNREFUSED","level":"error","message":"MQTT error:","stack":"AggregateError [ECONNREFUSED]: \n    at internalConnectMultiple (node:net:1134:18)\n    at afterConnectMultiple (node:net:1715:7)","timestamp":"2025-11-28T12:41:29.932Z"}
{"code":"ECONNREFUSED","level":"error","message":"MQTT error:","stack":"AggregateError [ECONNREFUSED]: \n    at internalConnectMultiple (node:net:1134:18)\n    at afterConnectMultiple (node:net:1715:7)","timestamp":"2025-11-28T12:41:30.950Z"}
{"code":"ECONNREFUSED","level":"error","message":"MQTT error:","stack":"AggregateError [ECONNREFUSED]: \n    at internalConnectMultiple (node:net:1134:18)\n    at afterConnectMultiple (node:net:1715:7)","timestamp":"2025-11-28T12:41:31.964Z"}
{"code":"ECONNRESET","level":"error","message":"PandaUra WebSocket error: socket hang up","stack":"Error: socket hang up\n    at Socket.socketOnEnd (node:_http_client:542:25)\n    at Socket.emit (node:events:530:35)\n    at endReadableNT (node:internal/streams/readable:1698:12)\n    at process.processTicksAndRejections (node:internal/process/task_queues:90:21)","timestamp":"2025-11-28T12:41:32.868Z"}
{"level":"warn","message":"PandaUra connection closed, attempting reconnect...","timestamp":"2025-11-28T12:41:32.869Z"}
{"code":"ECONNREFUSED","level":"error","message":"MQTT error:","stack":"AggregateError [ECONNREFUSED]: \n    at internalConnectMultiple (node:net:1134:18)\n    at afterConnectMultiple (node:net:1715:7)","timestamp":"2025-11-28T12:41:32.981Z"}
{"code":"ECONNREFUSED","level":"error","message":"MQTT error:","stack":"AggregateError [ECONNREFUSED]: \n    at internalConnectMultiple (node:net:1134:18)\n    at afterConnectMultiple (node:net:1715:7)","timestamp":"2025-11-28T12:41:34.006Z"}
{"code":"ECONNREFUSED","level":"error","message":"MQTT error:","stack":"AggregateError [ECONNREFUSED]: \n    at internalConnectMultiple (node:net:1134:18)\n    at afterConnectMultiple (node:net:1715:7)","timestamp":"2025-11-28T12:41:35.009Z"}
{"code":"ECONNREFUSED","level":"error","message":"MQTT error:","stack":"AggregateError [ECONNREFUSED]: \n    at internalConnectMultiple (node:net:1134:18)\n    at afterConnectMultiple (node:net:1715:7)","timestamp":"2025-11-28T12:41:36.024Z"}
{"code":"ECONNREFUSED","level":"error","message":"MQTT error:","stack":"AggregateError [ECONNREFUSED]: \n    at internalConnectMultiple (node:net:1134:18)\n    at afterConnectMultiple (node:net:1715:7)","timestamp":"2025-11-28T12:41:37.034Z"}
{"code":"ECONNREFUSED","level":"error","message":"MQTT error:","stack":"AggregateError [ECONNREFUSED]: \n    at internalConnectMultiple (node:net:1134:18)\n    at afterConnectMultiple (node:net:1715:7)","timestamp":"2025-11-28T12:41:38.048Z"}
{"code":"ECONNRESET","level":"error","message":"PandaUra WebSocket error: socket hang up","stack":"Error: socket hang up\n    at Socket.socketOnEnd (node:_http_client:542:25)\n    at Socket.emit (node:events:530:35)\n    at endReadableNT (node:internal/streams/readable:1698:12)\n    at process.processTicksAndRejections (node:internal/process/task_queues:90:21)","timestamp":"2025-11-28T12:41:38.894Z"}
{"level":"warn","message":"PandaUra connection closed, attempting reconnect...","timestamp":"2025-11-28T12:41:38.894Z"}
{"code":"ECONNREFUSED","level":"error","message":"MQTT error:","stack":"AggregateError [ECONNREFUSED]: \n    at internalConnectMultiple (node:net:1134:18)\n    at afterConnectMultiple (node:net:1715:7)","timestamp":"2025-11-28T12:41:39.052Z"}
{"code":"ECONNREFUSED","level":"error","message":"MQTT error:","stack":"AggregateError [ECONNREFUSED]: \n    at internalConnectMultiple (node:net:1134:18)\n    at afterConnectMultiple (node:net:1715:7)","timestamp":"2025-11-28T12:41:40.060Z"}
{"code":"ECONNREFUSED","level":"error","message":"MQTT error:","stack":"AggregateError [ECONNREFUSED]: \n    at internalConnectMultiple (node:net:1134:18)\n    at afterConnectMultiple (node:net:1715:7)","timestamp":"2025-11-28T12:41:41.075Z"}
{"code":"ECONNREFUSED","level":"error","message":"MQTT error:","stack":"AggregateError [ECONNREFUSED]: \n    at internalConnectMultiple (node:net:1134:18)\n    at afterConnectMultiple (node:net:1715:7)","timestamp":"2025-11-28T12:41:42.084Z"}
{"code":"ECONNREFUSED","level":"error","message":"MQTT error:","stack":"AggregateError [ECONNREFUSED]: \n    at internalConnectMultiple (node:net:1134:18)\n    at afterConnectMultiple (node:net:1715:7)","timestamp":"2025-11-28T12:41:43.102Z"}
{"code":"ECONNREFUSED","level":"error","message":"MQTT error:","stack":"AggregateError [ECONNREFUSED]: \n    at internalConnectMultiple (node:net:1134:18)\n    at afterConnectMultiple (node:net:1715:7)","timestamp":"2025-11-28T12:41:44.120Z"}
{"code":"ECONNRESET","level":"error","message":"PandaUra WebSocket error: socket hang up","stack":"Error: socket hang up\n    at Socket.socketOnEnd (node:_http_client:542:25)\n    at Socket.emit (node:events:530:35)\n    at endReadableNT (node:internal/streams/readable:1698:12)\n    at process.processTicksAndRejections (node:internal/process/task_queues:90:21)","timestamp":"2025-11-28T12:41:44.915Z"}
{"level":"warn","message":"PandaUra connection closed, attempting reconnect...","timestamp":"2025-11-28T12:41:44.916Z"}
{"code":"ECONNREFUSED","level":"error","message":"MQTT error:","stack":"AggregateError [ECONNREFUSED]: \n    at internalConnectMultiple (node:net:1134:18)\n    at afterConnectMultiple (node:net:1715:7)","timestamp":"2025-11-28T12:41:45.131Z"}
{"code":"ECONNREFUSED","level":"error","message":"MQTT error:","stack":"AggregateError [ECONNREFUSED]: \n    at internalConnectMultiple (node:net:1134:18)\n    at afterConnectMultiple (node:net:1715:7)","timestamp":"2025-11-28T12:41:46.134Z"}
{"code":"ECONNREFUSED","level":"error","message":"MQTT error:","stack":"AggregateError [ECONNREFUSED]: \n    at internalConnectMultiple (node:net:1134:18)\n    at afterConnectMultiple (node:net:1715:7)","timestamp":"2025-11-28T12:41:47.151Z"}
{"code":"ECONNREFUSED","level":"error","message":"MQTT error:","stack":"AggregateError [ECONNREFUSED]: \n    at internalConnectMultiple (node:net:1134:18)\n    at afterConnectMultiple (node:net:1715:7)","timestamp":"2025-11-28T12:41:48.167Z"}
{"code":"ECONNREFUSED","level":"error","message":"MQTT error:","stack":"AggregateError [ECONNREFUSED]: \n    at internalConnectMultiple (node:net:1134:18)\n    at afterConnectMultiple (node:net:1715:7)","timestamp":"2025-11-28T12:41:49.175Z"}
{"code":"ECONNREFUSED","level":"error","message":"MQTT error:","stack":"AggregateError [ECONNREFUSED]: \n    at internalConnectMultiple (node:net:1134:18)\n    at afterConnectMultiple (node:net:1715:7)","timestamp":"2025-11-28T12:41:50.185Z"}
{"code":"ECONNRESET","level":"error","message":"PandaUra WebSocket error: socket hang up","stack":"Error: socket hang up\n    at Socket.socketOnEnd (node:_http_client:542:25)\n    at Socket.emit (node:events:530:35)\n    at endReadableNT (node:internal/streams/readable:1698:12)\n    at process.processTicksAndRejections (node:internal/process/task_queues:90:21)","timestamp":"2025-11-28T12:41:50.947Z"}
{"level":"warn","message":"PandaUra connection closed, attempting reconnect...","timestamp":"2025-11-28T12:41:50.948Z"}
{"code":"ECONNREFUSED","level":"error","message":"MQTT error:","stack":"AggregateError [ECONNREFUSED]: \n    at internalConnectMultiple (node:net:1134:18)\n    at afterConnectMultiple (node:net:1715:7)","timestamp":"2025-11-28T12:41:51.200Z"}
{"code":"ECONNREFUSED","level":"error","message":"MQTT error:","stack":"AggregateError [ECONNREFUSED]: \n    at internalConnectMultiple (node:net:1134:18)\n    at afterConnectMultiple (node:net:1715:7)","timestamp":"2025-11-28T12:41:52.206Z"}
{"code":"ECONNREFUSED","level":"error","message":"MQTT error:","stack":"AggregateError [ECONNREFUSED]: \n    at internalConnectMultiple (node:net:1134:18)\n    at afterConnectMultiple (node:net:1715:7)","timestamp":"2025-11-28T12:41:53.216Z"}
{"code":"ECONNREFUSED","level":"error","message":"MQTT error:","stack":"AggregateError [ECONNREFUSED]: \n    at internalConnectMultiple (node:net:1134:18)\n    at afterConnectMultiple (node:net:1715:7)","timestamp":"2025-11-28T12:41:54.234Z"}
{"code":"ECONNREFUSED","level":"error","message":"MQTT error:","stack":"AggregateError [ECONNREFUSED]: \n    at internalConnectMultiple (node:net:1134:18)\n    at afterConnectMultiple (node:net:1715:7)","timestamp":"2025-11-28T12:41:55.250Z"}
{"code":"ECONNREFUSED","level":"error","message":"MQTT error:","stack":"AggregateError [ECONNREFUSED]: \n    at internalConnectMultiple (node:net:1134:18)\n    at afterConnectMultiple (node:net:1715:7)","timestamp":"2025-11-28T12:41:56.267Z"}
{"code":"ECONNRESET","level":"error","message":"PandaUra WebSocket error: socket hang up","stack":"Error: socket hang up\n    at Socket.socketOnEnd (node:_http_client:542:25)\n    at Socket.emit (node:events:530:35)\n    at endReadableNT (node:internal/streams/readable:1698:12)\n    at process.processTicksAndRejections (node:internal/process/task_queues:90:21)","timestamp":"2025-11-28T12:41:56.967Z"}
{"level":"warn","message":"PandaUra connection closed, attempting reconnect...","timestamp":"2025-11-28T12:41:56.968Z"}
{"code":"ECONNREFUSED","level":"error","message":"MQTT error:","stack":"AggregateError [ECONNREFUSED]: \n    at internalConnectMultiple (node:net:1134:18)\n    at afterConnectMultiple (node:net:1715:7)","timestamp":"2025-11-28T12:41:57.283Z"}
{"code":"ECONNREFUSED","level":"error","message":"MQTT error:","stack":"AggregateError [ECONNREFUSED]: \n    at internalConnectMultiple (node:net:1134:18)\n    at afterConnectMultiple (node:net:1715:7)","timestamp":"2025-11-28T12:41:58.301Z"}
{"code":"ECONNREFUSED","level":"error","message":"MQTT error:","stack":"AggregateError [ECONNREFUSED]: \n    at internalConnectMultiple (node:net:1134:18)\n    at afterConnectMultiple (node:net:1715:7)","timestamp":"2025-11-28T12:41:59.317Z"}
{"code":"ECONNREFUSED","level":"error","message":"MQTT error:","stack":"AggregateError [ECONNREFUSED]: \n    at internalConnectMultiple (node:net:1134:18)\n    at afterConnectMultiple (node:net:1715:7)","timestamp":"2025-11-28T12:42:00.333Z"}
{"code":"ECONNREFUSED","level":"error","message":"MQTT error:","stack":"AggregateError [ECONNREFUSED]: \n    at internalConnectMultiple (node:net:1134:18)\n    at afterConnectMultiple (node:net:1715:7)","timestamp":"2025-11-28T12:42:01.352Z"}
{"code":"ECONNREFUSED","level":"error","message":"MQTT error:","stack":"AggregateError [ECONNREFUSED]: \n    at internalConnectMultiple (node:net:1134:18)\n    at afterConnectMultiple (node:net:1715:7)","timestamp":"2025-11-28T12:42:02.367Z"}
{"code":"ECONNRESET","level":"error","message":"PandaUra WebSocket error: socket hang up","stack":"Error: socket hang up\n    at Socket.socketOnEnd (node:_http_client:542:25)\n    at Socket.emit (node:events:530:35)\n    at endReadableNT (node:internal/streams/readable:1698:12)\n    at process.processTicksAndRejections (node:internal/process/task_queues:90:21)","timestamp":"2025-11-28T12:42:02.993Z"}
{"level":"warn","message":"PandaUra connection closed, attempting reconnect...","timestamp":"2025-11-28T12:42:02.994Z"}
{"code":"ECONNREFUSED","level":"error","message":"MQTT error:","stack":"AggregateError [ECONNREFUSED]: \n    at internalConnectMultiple (node:net:1134:18)\n    at afterConnectMultiple (node:net:1715:7)","timestamp":"2025-11-28T12:42:03.381Z"}
{"code":"ECONNREFUSED","level":"error","message":"MQTT error:","stack":"AggregateError [ECONNREFUSED]: \n    at internalConnectMultiple (node:net:1134:18)\n    at afterConnectMultiple (node:net:1715:7)","timestamp":"2025-11-28T12:42:04.398Z"}
{"code":"ECONNREFUSED","level":"error","message":"MQTT error:","stack":"AggregateError [ECONNREFUSED]: \n    at internalConnectMultiple (node:net:1134:18)\n    at afterConnectMultiple (node:net:1715:7)","timestamp":"2025-11-28T12:42:05.406Z"}
{"code":"ECONNREFUSED","level":"error","message":"MQTT error:","stack":"AggregateError [ECONNREFUSED]: \n    at internalConnectMultiple (node:net:1134:18)\n    at afterConnectMultiple (node:net:1715:7)","timestamp":"2025-11-28T12:42:06.415Z"}
{"code":"ECONNREFUSED","level":"error","message":"MQTT error:","stack":"AggregateError [ECONNREFUSED]: \n    at internalConnectMultiple (node:net:1134:18)\n    at afterConnectMultiple (node:net:1715:7)","timestamp":"2025-11-28T12:42:07.425Z"}
{"code":"ECONNREFUSED","level":"error","message":"MQTT error:","stack":"AggregateError [ECONNREFUSED]: \n    at internalConnectMultiple (node:net:1134:18)\n    at afterConnectMultiple (node:net:1715:7)","timestamp":"2025-11-28T12:42:08.443Z"}
{"code":"ECONNRESET","level":"error","message":"PandaUra WebSocket error: socket hang up","stack":"Error: socket hang up\n    at Socket.socketOnEnd (node:_http_client:542:25)\n    at Socket.emit (node:events:530:35)\n    at endReadableNT (node:internal/streams/readable:1698:12)\n    at process.processTicksAndRejections (node:internal/process/task_queues:90:21)","timestamp":"2025-11-28T12:42:09.016Z"}
{"level":"warn","message":"PandaUra connection closed, attempting reconnect...","timestamp":"2025-11-28T12:42:09.018Z"}
{"code":"ECONNREFUSED","level":"error","message":"MQTT error:","stack":"AggregateError [ECONNREFUSED]: \n    at internalConnectMultiple (node:net:1134:18)\n    at afterConnectMultiple (node:net:1715:7)","timestamp":"2025-11-28T12:42:09.449Z"}
{"code":"ECONNREFUSED","level":"error","message":"MQTT error:","stack":"AggregateError [ECONNREFUSED]: \n    at internalConnectMultiple (node:net:1134:18)\n    at afterConnectMultiple (node:net:1715:7)","timestamp":"2025-11-28T12:42:10.466Z"}
{"code":"ECONNREFUSED","level":"error","message":"MQTT error:","stack":"AggregateError [ECONNREFUSED]: \n    at internalConnectMultiple (node:net:1134:18)\n    at afterConnectMultiple (node:net:1715:7)","timestamp":"2025-11-28T12:42:11.479Z"}
{"code":"ECONNREFUSED","level":"error","message":"MQTT error:","stack":"AggregateError [ECONNREFUSED]: \n    at internalConnectMultiple (node:net:1134:18)\n    at afterConnectMultiple (node:net:1715:7)","timestamp":"2025-11-28T12:42:12.497Z"}
{"code":"ECONNREFUSED","level":"error","message":"MQTT error:","stack":"AggregateError [ECONNREFUSED]: \n    at internalConnectMultiple (node:net:1134:18)\n    at afterConnectMultiple (node:net:1715:7)","timestamp":"2025-11-28T12:42:13.516Z"}
{"code":"ECONNREFUSED","level":"error","message":"MQTT error:","stack":"AggregateError [ECONNREFUSED]: \n    at internalConnectMultiple (node:net:1134:18)\n    at afterConnectMultiple (node:net:1715:7)","timestamp":"2025-11-28T12:42:14.534Z"}
{"code":"ECONNRESET","level":"error","message":"PandaUra WebSocket error: socket hang up","stack":"Error: socket hang up\n    at Socket.socketOnEnd (node:_http_client:542:25)\n    at Socket.emit (node:events:530:35)\n    at endReadableNT (node:internal/streams/readable:1698:12)\n    at process.processTicksAndRejections (node:internal/process/task_queues:90:21)","timestamp":"2025-11-28T12:42:15.049Z"}
{"level":"warn","message":"PandaUra connection closed, attempting reconnect...","timestamp":"2025-11-28T12:42:15.050Z"}
{"code":"ECONNREFUSED","level":"error","message":"MQTT error:","stack":"AggregateError [ECONNREFUSED]: \n    at internalConnectMultiple (node:net:1134:18)\n    at afterConnectMultiple (node:net:1715:7)","timestamp":"2025-11-28T12:42:15.547Z"}
{"code":"ECONNREFUSED","level":"error","message":"MQTT error:","stack":"AggregateError [ECONNREFUSED]: \n    at internalConnectMultiple (node:net:1134:18)\n    at afterConnectMultiple (node:net:1715:7)","timestamp":"2025-11-28T12:42:16.559Z"}
{"code":"ECONNREFUSED","level":"error","message":"MQTT error:","stack":"AggregateError [ECONNREFUSED]: \n    at internalConnectMultiple (node:net:1134:18)\n    at afterConnectMultiple (node:net:1715:7)","timestamp":"2025-11-28T12:42:17.566Z"}
{"code":"ECONNREFUSED","level":"error","message":"MQTT error:","stack":"AggregateError [ECONNREFUSED]: \n    at internalConnectMultiple (node:net:1134:18)\n    at afterConnectMultiple (node:net:1715:7)","timestamp":"2025-11-28T12:42:18.583Z"}
{"code":"ECONNREFUSED","level":"error","message":"MQTT error:","stack":"AggregateError [ECONNREFUSED]: \n    at internalConnectMultiple (node:net:1134:18)\n    at afterConnectMultiple (node:net:1715:7)","timestamp":"2025-11-28T12:42:19.599Z"}
{"code":"ECONNREFUSED","level":"error","message":"MQTT error:","stack":"AggregateError [ECONNREFUSED]: \n    at internalConnectMultiple (node:net:1134:18)\n    at afterConnectMultiple (node:net:1715:7)","timestamp":"2025-11-28T12:42:20.615Z"}
{"code":"ECONNRESET","level":"error","message":"PandaUra WebSocket error: socket hang up","stack":"Error: socket hang up\n    at Socket.socketOnEnd (node:_http_client:542:25)\n    at Socket.emit (node:events:530:35)\n    at endReadableNT (node:internal/streams/readable:1698:12)\n    at process.processTicksAndRejections (node:internal/process/task_queues:90:21)","timestamp":"2025-11-28T12:42:21.075Z"}
{"level":"warn","message":"PandaUra connection closed, attempting reconnect...","timestamp":"2025-11-28T12:42:21.076Z"}
{"code":"ECONNREFUSED","level":"error","message":"MQTT error:","stack":"AggregateError [ECONNREFUSED]: \n    at internalConnectMultiple (node:net:1134:18)\n    at afterConnectMultiple (node:net:1715:7)","timestamp":"2025-11-28T12:42:21.637Z"}
{"code":"ECONNREFUSED","level":"error","message":"MQTT error:","stack":"AggregateError [ECONNREFUSED]: \n    at internalConnectMultiple (node:net:1134:18)\n    at afterConnectMultiple (node:net:1715:7)","timestamp":"2025-11-28T12:42:22.643Z"}
{"code":"ECONNREFUSED","level":"error","message":"MQTT error:","stack":"AggregateError [ECONNREFUSED]: \n    at internalConnectMultiple (node:net:1134:18)\n    at afterConnectMultiple (node:net:1715:7)","timestamp":"2025-11-28T12:42:23.657Z"}
{"code":"ECONNREFUSED","level":"error","message":"MQTT error:","stack":"AggregateError [ECONNREFUSED]: \n    at internalConnectMultiple (node:net:1134:18)\n    at afterConnectMultiple (node:net:1715:7)","timestamp":"2025-11-28T12:42:24.662Z"}
{"code":"ECONNREFUSED","level":"error","message":"MQTT error:","stack":"AggregateError [ECONNREFUSED]: \n    at internalConnectMultiple (node:net:1134:18)\n    at afterConnectMultiple (node:net:1715:7)","timestamp":"2025-11-28T12:42:25.669Z"}
{"code":"ECONNREFUSED","level":"error","message":"MQTT error:","stack":"AggregateError [ECONNREFUSED]: \n    at internalConnectMultiple (node:net:1134:18)\n    at afterConnectMultiple (node:net:1715:7)","timestamp":"2025-11-28T12:42:26.674Z"}
{"code":"ECONNRESET","level":"error","message":"PandaUra WebSocket error: socket hang up","stack":"Error: socket hang up\n    at Socket.socketOnEnd (node:_http_client:542:25)\n    at Socket.emit (node:events:530:35)\n    at endReadableNT (node:internal/streams/readable:1698:12)\n    at process.processTicksAndRejections (node:internal/process/task_queues:90:21)","timestamp":"2025-11-28T12:42:27.100Z"}
{"level":"warn","message":"PandaUra connection closed, attempting reconnect...","timestamp":"2025-11-28T12:42:27.101Z"}
{"code":"ECONNREFUSED","level":"error","message":"MQTT error:","stack":"AggregateError [ECONNREFUSED]: \n    at internalConnectMultiple (node:net:1134:18)\n    at afterConnectMultiple (node:net:1715:7)","timestamp":"2025-11-28T12:42:27.687Z"}
{"code":"ECONNREFUSED","level":"error","message":"MQTT error:","stack":"AggregateError [ECONNREFUSED]: \n    at internalConnectMultiple (node:net:1134:18)\n    at afterConnectMultiple (node:net:1715:7)","timestamp":"2025-11-28T12:42:28.709Z"}
{"code":"ECONNREFUSED","level":"error","message":"MQTT error:","stack":"AggregateError [ECONNREFUSED]: \n    at internalConnectMultiple (node:net:1134:18)\n    at afterConnectMultiple (node:net:1715:7)","timestamp":"2025-11-28T12:42:29.719Z"}
{"code":"ECONNREFUSED","level":"error","message":"MQTT error:","stack":"AggregateError [ECONNREFUSED]: \n    at internalConnectMultiple (node:net:1134:18)\n    at afterConnectMultiple (node:net:1715:7)","timestamp":"2025-11-28T12:42:30.734Z"}
{"code":"ECONNREFUSED","level":"error","message":"MQTT error:","stack":"AggregateError [ECONNREFUSED]: \n    at internalConnectMultiple (node:net:1134:18)\n    at afterConnectMultiple (node:net:1715:7)","timestamp":"2025-11-28T12:42:31.751Z"}
{"code":"ECONNREFUSED","level":"error","message":"MQTT error:","stack":"AggregateError [ECONNREFUSED]: \n    at internalConnectMultiple (node:net:1134:18)\n    at afterConnectMultiple (node:net:1715:7)","timestamp":"2025-11-28T12:42:32.766Z"}
{"code":"ECONNRESET","level":"error","message":"PandaUra WebSocket error: socket hang up","stack":"Error: socket hang up\n    at Socket.socketOnEnd (node:_http_client:542:25)\n    at Socket.emit (node:events:530:35)\n    at endReadableNT (node:internal/streams/readable:1698:12)\n    at process.processTicksAndRejections (node:internal/process/task_queues:90:21)","timestamp":"2025-11-28T12:42:33.132Z"}
{"level":"warn","message":"PandaUra connection closed, attempting reconnect...","timestamp":"2025-11-28T12:42:33.132Z"}
{"code":"ECONNREFUSED","level":"error","message":"MQTT error:","stack":"AggregateError [ECONNREFUSED]: \n    at internalConnectMultiple (node:net:1134:18)\n    at afterConnectMultiple (node:net:1715:7)","timestamp":"2025-11-28T12:42:33.772Z"}
{"code":"ECONNREFUSED","level":"error","message":"MQTT error:","stack":"AggregateError [ECONNREFUSED]: \n    at internalConnectMultiple (node:net:1134:18)\n    at afterConnectMultiple (node:net:1715:7)","timestamp":"2025-11-28T12:42:34.791Z"}
{"code":"ECONNREFUSED","level":"error","message":"MQTT error:","stack":"AggregateError [ECONNREFUSED]: \n    at internalConnectMultiple (node:net:1134:18)\n    at afterConnectMultiple (node:net:1715:7)","timestamp":"2025-11-28T12:42:35.815Z"}
{"code":"ECONNREFUSED","level":"error","message":"MQTT error:","stack":"AggregateError [ECONNREFUSED]: \n    at internalConnectMultiple (node:net:1134:18)\n    at afterConnectMultiple (node:net:1715:7)","timestamp":"2025-11-28T12:42:36.835Z"}
{"code":"ECONNREFUSED","level":"error","message":"MQTT error:","stack":"AggregateError [ECONNREFUSED]: \n    at internalConnectMultiple (node:net:1134:18)\n    at afterConnectMultiple (node:net:1715:7)","timestamp":"2025-11-28T12:42:37.846Z"}
{"code":"ECONNREFUSED","level":"error","message":"MQTT error:","stack":"AggregateError [ECONNREFUSED]: \n    at internalConnectMultiple (node:net:1134:18)\n    at afterConnectMultiple (node:net:1715:7)","timestamp":"2025-11-28T12:42:38.863Z"}
{"code":"ECONNRESET","level":"error","message":"PandaUra WebSocket error: socket hang up","stack":"Error: socket hang up\n    at Socket.socketOnEnd (node:_http_client:542:25)\n    at Socket.emit (node:events:530:35)\n    at endReadableNT (node:internal/streams/readable:1698:12)\n    at process.processTicksAndRejections (node:internal/process/task_queues:90:21)","timestamp":"2025-11-28T12:42:39.152Z"}
{"level":"warn","message":"PandaUra connection closed, attempting reconnect...","timestamp":"2025-11-28T12:42:39.153Z"}
{"code":"ECONNREFUSED","level":"error","message":"MQTT error:","stack":"AggregateError [ECONNREFUSED]: \n    at internalConnectMultiple (node:net:1134:18)\n    at afterConnectMultiple (node:net:1715:7)","timestamp":"2025-11-28T12:42:39.875Z"}
{"code":"ECONNREFUSED","level":"error","message":"MQTT error:","stack":"AggregateError [ECONNREFUSED]: \n    at internalConnectMultiple (node:net:1134:18)\n    at afterConnectMultiple (node:net:1715:7)","timestamp":"2025-11-28T12:42:40.891Z"}
{"code":"ECONNREFUSED","level":"error","message":"MQTT error:","stack":"AggregateError [ECONNREFUSED]: \n    at internalConnectMultiple (node:net:1134:18)\n    at afterConnectMultiple (node:net:1715:7)","timestamp":"2025-11-28T12:42:41.903Z"}
{"code":"ECONNREFUSED","level":"error","message":"MQTT error:","stack":"AggregateError [ECONNREFUSED]: \n    at internalConnectMultiple (node:net:1134:18)\n    at afterConnectMultiple (node:net:1715:7)","timestamp":"2025-11-28T12:42:42.921Z"}
{"code":"ECONNREFUSED","level":"error","message":"MQTT error:","stack":"AggregateError [ECONNREFUSED]: \n    at internalConnectMultiple (node:net:1134:18)\n    at afterConnectMultiple (node:net:1715:7)","timestamp":"2025-11-28T12:42:43.933Z"}
{"code":"ECONNREFUSED","level":"error","message":"MQTT error:","stack":"AggregateError [ECONNREFUSED]: \n    at internalConnectMultiple (node:net:1134:18)\n    at afterConnectMultiple (node:net:1715:7)","timestamp":"2025-11-28T12:42:44.947Z"}
{"code":"ECONNRESET","level":"error","message":"PandaUra WebSocket error: socket hang up","stack":"Error: socket hang up\n    at Socket.socketOnEnd (node:_http_client:542:25)\n    at Socket.emit (node:events:530:35)\n    at endReadableNT (node:internal/streams/readable:1698:12)\n    at process.processTicksAndRejections (node:internal/process/task_queues:90:21)","timestamp":"2025-11-28T12:42:45.170Z"}
{"level":"warn","message":"PandaUra connection closed, attempting reconnect...","timestamp":"2025-11-28T12:42:45.171Z"}
{"code":"ECONNREFUSED","level":"error","message":"MQTT error:","stack":"AggregateError [ECONNREFUSED]: \n    at internalConnectMultiple (node:net:1134:18)\n    at afterConnectMultiple (node:net:1715:7)","timestamp":"2025-11-28T12:42:45.959Z"}
{"code":"ECONNREFUSED","level":"error","message":"MQTT error:","stack":"AggregateError [ECONNREFUSED]: \n    at internalConnectMultiple (node:net:1134:18)\n    at afterConnectMultiple (node:net:1715:7)","timestamp":"2025-11-28T12:42:46.975Z"}
{"code":"ECONNREFUSED","level":"error","message":"MQTT error:","stack":"AggregateError [ECONNREFUSED]: \n    at internalConnectMultiple (node:net:1134:18)\n    at afterConnectMultiple (node:net:1715:7)","timestamp":"2025-11-28T12:42:47.994Z"}
{"code":"ECONNREFUSED","level":"error","message":"MQTT error:","stack":"AggregateError [ECONNREFUSED]: \n    at internalConnectMultiple (node:net:1134:18)\n    at afterConnectMultiple (node:net:1715:7)","timestamp":"2025-11-28T12:42:49.009Z"}
{"code":"ECONNREFUSED","level":"error","message":"MQTT error:","stack":"AggregateError [ECONNREFUSED]: \n    at internalConnectMultiple (node:net:1134:18)\n    at afterConnectMultiple (node:net:1715:7)","timestamp":"2025-11-28T12:42:50.026Z"}
{"code":"ECONNREFUSED","level":"error","message":"MQTT error:","stack":"AggregateError [ECONNREFUSED]: \n    at internalConnectMultiple (node:net:1134:18)\n    at afterConnectMultiple (node:net:1715:7)","timestamp":"2025-11-28T12:42:51.044Z"}
{"code":"ECONNRESET","level":"error","message":"PandaUra WebSocket error: socket hang up","stack":"Error: socket hang up\n    at Socket.socketOnEnd (node:_http_client:542:25)\n    at Socket.emit (node:events:530:35)\n    at endReadableNT (node:internal/streams/readable:1698:12)\n    at process.processTicksAndRejections (node:internal/process/task_queues:90:21)","timestamp":"2025-11-28T12:42:51.207Z"}
{"level":"warn","message":"PandaUra connection closed, attempting reconnect...","timestamp":"2025-11-28T12:42:51.208Z"}
{"code":"ECONNREFUSED","level":"error","message":"MQTT error:","stack":"AggregateError [ECONNREFUSED]: \n    at internalConnectMultiple (node:net:1134:18)\n    at afterConnectMultiple (node:net:1715:7)","timestamp":"2025-11-28T12:42:52.050Z"}
{"code":"ECONNREFUSED","level":"error","message":"MQTT error:","stack":"AggregateError [ECONNREFUSED]: \n    at internalConnectMultiple (node:net:1134:18)\n    at afterConnectMultiple (node:net:1715:7)","timestamp":"2025-11-28T12:42:53.060Z"}
{"code":"ECONNREFUSED","level":"error","message":"MQTT error:","stack":"AggregateError [ECONNREFUSED]: \n    at internalConnectMultiple (node:net:1134:18)\n    at afterConnectMultiple (node:net:1715:7)","timestamp":"2025-11-28T12:42:54.077Z"}
{"code":"ECONNREFUSED","level":"error","message":"MQTT error:","stack":"AggregateError [ECONNREFUSED]: \n    at internalConnectMultiple (node:net:1134:18)\n    at afterConnectMultiple (node:net:1715:7)","timestamp":"2025-11-28T12:42:55.095Z"}
{"code":"ECONNREFUSED","level":"error","message":"MQTT error:","stack":"AggregateError [ECONNREFUSED]: \n    at internalConnectMultiple (node:net:1134:18)\n    at afterConnectMultiple (node:net:1715:7)","timestamp":"2025-11-28T12:42:56.104Z"}
{"code":"ECONNREFUSED","level":"error","message":"PandaUra WebSocket error:","stack":"AggregateError [ECONNREFUSED]: \n    at internalConnectMultiple (node:net:1134:18)\n    at afterConnectMultiple (node:net:1715:7)","timestamp":"2025-11-28T12:42:56.225Z"}
{"level":"warn","message":"PandaUra connection closed, attempting reconnect...","timestamp":"2025-11-28T12:42:56.226Z"}
{"code":"ECONNREFUSED","level":"error","message":"MQTT error:","stack":"AggregateError [ECONNREFUSED]: \n    at internalConnectMultiple (node:net:1134:18)\n    at afterConnectMultiple (node:net:1715:7)","timestamp":"2025-11-28T12:42:57.122Z"}
{"code":"ECONNREFUSED","level":"error","message":"MQTT error:","stack":"AggregateError [ECONNREFUSED]: \n    at internalConnectMultiple (node:net:1134:18)\n    at afterConnectMultiple (node:net:1715:7)","timestamp":"2025-11-28T12:42:58.130Z"}
{"code":"ECONNREFUSED","level":"error","message":"MQTT error:","stack":"AggregateError [ECONNREFUSED]: \n    at internalConnectMultiple (node:net:1134:18)\n    at afterConnectMultiple (node:net:1715:7)","timestamp":"2025-11-28T12:42:59.138Z"}
{"code":"ECONNREFUSED","level":"error","message":"MQTT error:","stack":"AggregateError [ECONNREFUSED]: \n    at internalConnectMultiple (node:net:1134:18)\n    at afterConnectMultiple (node:net:1715:7)","timestamp":"2025-11-28T12:43:00.144Z"}
{"code":"ECONNREFUSED","level":"error","message":"MQTT error:","stack":"AggregateError [ECONNREFUSED]: \n    at internalConnectMultiple (node:net:1134:18)\n    at afterConnectMultiple (node:net:1715:7)","timestamp":"2025-11-28T12:43:01.159Z"}
{"code":"ECONNREFUSED","level":"error","message":"MQTT error:","stack":"AggregateError [ECONNREFUSED]: \n    at internalConnectMultiple (node:net:1134:18)\n    at afterConnectMultiple (node:net:1715:7)","timestamp":"2025-11-28T12:43:02.180Z"}
{"code":"ECONNRESET","level":"error","message":"PandaUra WebSocket error: socket hang up","stack":"Error: socket hang up\n    at Socket.socketOnEnd (node:_http_client:542:25)\n    at Socket.emit (node:events:530:35)\n    at endReadableNT (node:internal/streams/readable:1698:12)\n    at process.processTicksAndRejections (node:internal/process/task_queues:90:21)","timestamp":"2025-11-28T12:43:02.260Z"}
{"level":"warn","message":"PandaUra connection closed, attempting reconnect...","timestamp":"2025-11-28T12:43:02.261Z"}
{"code":"ECONNREFUSED","level":"error","message":"MQTT error:","stack":"AggregateError [ECONNREFUSED]: \n    at internalConnectMultiple (node:net:1134:18)\n    at afterConnectMultiple (node:net:1715:7)","timestamp":"2025-11-28T12:43:03.196Z"}
{"code":"ECONNREFUSED","level":"error","message":"MQTT error:","stack":"AggregateError [ECONNREFUSED]: \n    at internalConnectMultiple (node:net:1134:18)\n    at afterConnectMultiple (node:net:1715:7)","timestamp":"2025-11-28T12:43:04.208Z"}
{"code":"ECONNREFUSED","level":"error","message":"MQTT error:","stack":"AggregateError [ECONNREFUSED]: \n    at internalConnectMultiple (node:net:1134:18)\n    at afterConnectMultiple (node:net:1715:7)","timestamp":"2025-11-28T12:43:05.226Z"}
{"code":"ECONNREFUSED","level":"error","message":"MQTT error:","stack":"AggregateError [ECONNREFUSED]: \n    at internalConnectMultiple (node:net:1134:18)\n    at afterConnectMultiple (node:net:1715:7)","timestamp":"2025-11-28T12:43:06.243Z"}
{"code":"ECONNREFUSED","level":"error","message":"MQTT error:","stack":"AggregateError [ECONNREFUSED]: \n    at internalConnectMultiple (node:net:1134:18)\n    at afterConnectMultiple (node:net:1715:7)","timestamp":"2025-11-28T12:43:07.249Z"}
{"code":"ECONNREFUSED","level":"error","message":"MQTT error:","stack":"AggregateError [ECONNREFUSED]: \n    at internalConnectMultiple (node:net:1134:18)\n    at afterConnectMultiple (node:net:1715:7)","timestamp":"2025-11-28T12:43:08.259Z"}
{"code":"ECONNRESET","level":"error","message":"PandaUra WebSocket error: socket hang up","stack":"Error: socket hang up\n    at Socket.socketOnEnd (node:_http_client:542:25)\n    at Socket.emit (node:events:530:35)\n    at endReadableNT (node:internal/streams/readable:1698:12)\n    at process.processTicksAndRejections (node:internal/process/task_queues:90:21)","timestamp":"2025-11-28T12:43:08.276Z"}
{"level":"warn","message":"PandaUra connection closed, attempting reconnect...","timestamp":"2025-11-28T12:43:08.277Z"}
{"code":"ECONNREFUSED","level":"error","message":"MQTT error:","stack":"AggregateError [ECONNREFUSED]: \n    at internalConnectMultiple (node:net:1134:18)\n    at afterConnectMultiple (node:net:1715:7)","timestamp":"2025-11-28T12:43:09.266Z"}
{"code":"ECONNREFUSED","level":"error","message":"MQTT error:","stack":"AggregateError [ECONNREFUSED]: \n    at internalConnectMultiple (node:net:1134:18)\n    at afterConnectMultiple (node:net:1715:7)","timestamp":"2025-11-28T12:43:10.276Z"}
{"code":"ECONNREFUSED","level":"error","message":"MQTT error:","stack":"AggregateError [ECONNREFUSED]: \n    at internalConnectMultiple (node:net:1134:18)\n    at afterConnectMultiple (node:net:1715:7)","timestamp":"2025-11-28T12:43:11.292Z"}
{"code":"ECONNREFUSED","level":"error","message":"MQTT error:","stack":"AggregateError [ECONNREFUSED]: \n    at internalConnectMultiple (node:net:1134:18)\n    at afterConnectMultiple (node:net:1715:7)","timestamp":"2025-11-28T12:43:12.309Z"}
{"code":"ECONNREFUSED","level":"error","message":"PandaUra WebSocket error:","stack":"AggregateError [ECONNREFUSED]: \n    at internalConnectMultiple (node:net:1134:18)\n    at afterConnectMultiple (node:net:1715:7)","timestamp":"2025-11-28T12:43:13.290Z"}
{"level":"warn","message":"PandaUra connection closed, attempting reconnect...","timestamp":"2025-11-28T12:43:13.291Z"}
{"code":"ECONNREFUSED","level":"error","message":"MQTT error:","stack":"AggregateError [ECONNREFUSED]: \n    at internalConnectMultiple (node:net:1134:18)\n    at afterConnectMultiple (node:net:1715:7)","timestamp":"2025-11-28T12:43:13.316Z"}
{"code":"ECONNREFUSED","level":"error","message":"MQTT error:","stack":"AggregateError [ECONNREFUSED]: \n    at internalConnectMultiple (node:net:1134:18)\n    at afterConnectMultiple (node:net:1715:7)","timestamp":"2025-11-28T12:43:14.323Z"}
{"code":"ECONNREFUSED","level":"error","message":"MQTT error:","stack":"AggregateError [ECONNREFUSED]: \n    at internalConnectMultiple (node:net:1134:18)\n    at afterConnectMultiple (node:net:1715:7)","timestamp":"2025-11-28T12:43:15.343Z"}
{"code":"ECONNREFUSED","level":"error","message":"MQTT error:","stack":"AggregateError [ECONNREFUSED]: \n    at internalConnectMultiple (node:net:1134:18)\n    at afterConnectMultiple (node:net:1715:7)","timestamp":"2025-11-28T12:43:16.360Z"}
{"code":"ECONNREFUSED","level":"error","message":"MQTT error:","stack":"AggregateError [ECONNREFUSED]: \n    at internalConnectMultiple (node:net:1134:18)\n    at afterConnectMultiple (node:net:1715:7)","timestamp":"2025-11-28T12:43:17.373Z"}
{"code":"ECONNREFUSED","level":"error","message":"MQTT error:","stack":"AggregateError [ECONNREFUSED]: \n    at internalConnectMultiple (node:net:1134:18)\n    at afterConnectMultiple (node:net:1715:7)","timestamp":"2025-11-28T12:43:18.391Z"}
{"code":"ECONNRESET","level":"error","message":"PandaUra WebSocket error: socket hang up","stack":"Error: socket hang up\n    at Socket.socketOnEnd (node:_http_client:542:25)\n    at Socket.emit (node:events:530:35)\n    at endReadableNT (node:internal/streams/readable:1698:12)\n    at process.processTicksAndRejections (node:internal/process/task_queues:90:21)","timestamp":"2025-11-28T12:43:19.323Z"}
{"level":"warn","message":"PandaUra connection closed, attempting reconnect...","timestamp":"2025-11-28T12:43:19.323Z"}
{"code":"ECONNREFUSED","level":"error","message":"MQTT error:","stack":"AggregateError [ECONNREFUSED]: \n    at internalConnectMultiple (node:net:1134:18)\n    at afterConnectMultiple (node:net:1715:7)","timestamp":"2025-11-28T12:43:19.410Z"}
{"code":"ECONNREFUSED","level":"error","message":"MQTT error:","stack":"AggregateError [ECONNREFUSED]: \n    at internalConnectMultiple (node:net:1134:18)\n    at afterConnectMultiple (node:net:1715:7)","timestamp":"2025-11-28T12:43:20.425Z"}
{"code":"ECONNREFUSED","level":"error","message":"MQTT error:","stack":"AggregateError [ECONNREFUSED]: \n    at internalConnectMultiple (node:net:1134:18)\n    at afterConnectMultiple (node:net:1715:7)","timestamp":"2025-11-28T12:43:21.443Z"}
{"code":"ECONNREFUSED","level":"error","message":"MQTT error:","stack":"AggregateError [ECONNREFUSED]: \n    at internalConnectMultiple (node:net:1134:18)\n    at afterConnectMultiple (node:net:1715:7)","timestamp":"2025-11-28T12:43:22.448Z"}
{"code":"ECONNREFUSED","level":"error","message":"MQTT error:","stack":"AggregateError [ECONNREFUSED]: \n    at internalConnectMultiple (node:net:1134:18)\n    at afterConnectMultiple (node:net:1715:7)","timestamp":"2025-11-28T12:43:23.467Z"}
{"code":"ECONNREFUSED","level":"error","message":"MQTT error:","stack":"AggregateError [ECONNREFUSED]: \n    at internalConnectMultiple (node:net:1134:18)\n    at afterConnectMultiple (node:net:1715:7)","timestamp":"2025-11-28T12:43:24.473Z"}
{"code":"ECONNRESET","level":"error","message":"PandaUra WebSocket error: socket hang up","stack":"Error: socket hang up\n    at Socket.socketOnEnd (node:_http_client:542:25)\n    at Socket.emit (node:events:530:35)\n    at endReadableNT (node:internal/streams/readable:1698:12)\n    at process.processTicksAndRejections (node:internal/process/task_queues:90:21)","timestamp":"2025-11-28T12:43:25.363Z"}
{"level":"warn","message":"PandaUra connection closed, attempting reconnect...","timestamp":"2025-11-28T12:43:25.364Z"}
{"code":"ECONNREFUSED","level":"error","message":"MQTT error:","stack":"AggregateError [ECONNREFUSED]: \n    at internalConnectMultiple (node:net:1134:18)\n    at afterConnectMultiple (node:net:1715:7)","timestamp":"2025-11-28T12:43:25.483Z"}
{"code":"ECONNREFUSED","level":"error","message":"MQTT error:","stack":"AggregateError [ECONNREFUSED]: \n    at internalConnectMultiple (node:net:1134:18)\n    at afterConnectMultiple (node:net:1715:7)","timestamp":"2025-11-28T12:43:26.495Z"}
{"code":"ECONNREFUSED","level":"error","message":"MQTT error:","stack":"AggregateError [ECONNREFUSED]: \n    at internalConnectMultiple (node:net:1134:18)\n    at afterConnectMultiple (node:net:1715:7)","timestamp":"2025-11-28T12:43:27.514Z"}
{"code":"ECONNREFUSED","level":"error","message":"MQTT error:","stack":"AggregateError [ECONNREFUSED]: \n    at internalConnectMultiple (node:net:1134:18)\n    at afterConnectMultiple (node:net:1715:7)","timestamp":"2025-11-28T12:43:28.531Z"}
{"code":"ECONNREFUSED","level":"error","message":"MQTT error:","stack":"AggregateError [ECONNREFUSED]: \n    at internalConnectMultiple (node:net:1134:18)\n    at afterConnectMultiple (node:net:1715:7)","timestamp":"2025-11-28T12:43:29.537Z"}
{"code":"ECONNREFUSED","level":"error","message":"MQTT error:","stack":"AggregateError [ECONNREFUSED]: \n    at internalConnectMultiple (node:net:1134:18)\n    at afterConnectMultiple (node:net:1715:7)","timestamp":"2025-11-28T12:43:30.555Z"}
{"code":"ECONNRESET","level":"error","message":"PandaUra WebSocket error: socket hang up","stack":"Error: socket hang up\n    at Socket.socketOnEnd (node:_http_client:542:25)\n    at Socket.emit (node:events:530:35)\n    at endReadableNT (node:internal/streams/readable:1698:12)\n    at process.processTicksAndRejections (node:internal/process/task_queues:90:21)","timestamp":"2025-11-28T12:43:31.384Z"}
{"level":"warn","message":"PandaUra connection closed, attempting reconnect...","timestamp":"2025-11-28T12:43:31.385Z"}
{"code":"ECONNREFUSED","level":"error","message":"MQTT error:","stack":"AggregateError [ECONNREFUSED]: \n    at internalConnectMultiple (node:net:1134:18)\n    at afterConnectMultiple (node:net:1715:7)","timestamp":"2025-11-28T12:43:31.560Z"}
{"code":"ECONNREFUSED","level":"error","message":"MQTT error:","stack":"AggregateError [ECONNREFUSED]: \n    at internalConnectMultiple (node:net:1134:18)\n    at afterConnectMultiple (node:net:1715:7)","timestamp":"2025-11-28T12:43:32.578Z"}
{"code":"ECONNREFUSED","level":"error","message":"MQTT error:","stack":"AggregateError [ECONNREFUSED]: \n    at internalConnectMultiple (node:net:1134:18)\n    at afterConnectMultiple (node:net:1715:7)","timestamp":"2025-11-28T12:43:33.596Z"}
{"code":"ECONNREFUSED","level":"error","message":"MQTT error:","stack":"AggregateError [ECONNREFUSED]: \n    at internalConnectMultiple (node:net:1134:18)\n    at afterConnectMultiple (node:net:1715:7)","timestamp":"2025-11-28T12:43:34.610Z"}
{"level":"info","message":"MQTT disabled - skipping MQTT setup","timestamp":"2025-11-28T12:43:37.905Z"}
{"level":"info","message":"Attempting PandaUra connection to: ws://localhost:8000/ws/simulator","timestamp":"2025-11-28T12:43:37.911Z"}
{"level":"info","message":"PandaUra Data Bridge started on port 3001","timestamp":"2025-11-28T12:43:37.939Z"}
{"level":"info","message":"WebSocket server on port 30011","timestamp":"2025-11-28T12:43:37.939Z"}
{"level":"info","message":"Configuration: {\n  \"PORT\": \"3001\",\n  \"PANDAURA_HOST\": \"localhost:8000\",\n  \"MQTT_BROKER\": \"disabled\",\n  \"CSV_OUTPUT_DIR\": \"./data/csv_exports\",\n  \"LOG_LEVEL\": \"info\",\n  \"SYNC_INTERVAL\": 1000\n}","timestamp":"2025-11-28T12:43:37.940Z"}
{"level":"warn","message":"PandaUra connection failed for ws://localhost:8000/ws/simulator:","timestamp":"2025-11-28T12:43:37.951Z"}
{"level":"info","message":"PandaUra connection closed - running in standalone mode","timestamp":"2025-11-28T12:43:37.951Z"}
{"level":"info","message":"Attempting PandaUra connection to: ws://localhost:8000/ws/data-bridge","timestamp":"2025-11-28T12:43:38.966Z"}
{"level":"warn","message":"PandaUra connection failed for ws://localhost:8000/ws/data-bridge:","timestamp":"2025-11-28T12:43:38.969Z"}
{"level":"info","message":"PandaUra connection closed - running in standalone mode","timestamp":"2025-11-28T12:43:38.970Z"}
{"level":"info","message":"Attempting PandaUra connection to: ws://localhost:8000/ws","timestamp":"2025-11-28T12:43:39.984Z"}
{"level":"warn","message":"PandaUra connection failed for ws://localhost:8000/ws:","timestamp":"2025-11-28T12:43:39.987Z"}
{"level":"info","message":"PandaUra connection closed - running in standalone mode","timestamp":"2025-11-28T12:43:39.988Z"}
{"level":"warn","message":"All PandaUra WebSocket endpoints failed - running in standalone mode","timestamp":"2025-11-28T12:43:40.991Z"}
{"level":"info","message":"Received SIGINT, shutting down gracefully","timestamp":"2025-11-28T12:43:57.293Z"}
{"level":"info","message":"MQTT disabled - skipping MQTT setup","timestamp":"2025-11-28T12:44:17.464Z"}
{"level":"info","message":"Attempting PandaUra connection to: ws://localhost:8000/ws/simulator","timestamp":"2025-11-28T12:44:17.467Z"}
{"level":"info","message":"PandaUra Data Bridge started on port 3001","timestamp":"2025-11-28T12:44:17.497Z"}
{"level":"info","message":"WebSocket server on port 3002","timestamp":"2025-11-28T12:44:17.497Z"}
{"level":"info","message":"Configuration: {\n  \"PORT\": 3001,\n  \"PANDAURA_HOST\": \"localhost:8000\",\n  \"MQTT_BROKER\": \"disabled\",\n  \"CSV_OUTPUT_DIR\": \"./data/csv_exports\",\n  \"LOG_LEVEL\": \"info\",\n  \"SYNC_INTERVAL\": 1000\n}","timestamp":"2025-11-28T12:44:17.498Z"}
{"level":"warn","message":"PandaUra connection failed for ws://localhost:8000/ws/simulator:","timestamp":"2025-11-28T12:44:17.511Z"}
{"level":"info","message":"PandaUra connection closed - running in standalone mode","timestamp":"2025-11-28T12:44:17.512Z"}
{"level":"info","message":"Attempting PandaUra connection to: ws://localhost:8000/ws/data-bridge","timestamp":"2025-11-28T12:44:18.523Z"}
{"level":"warn","message":"PandaUra connection failed for ws://localhost:8000/ws/data-bridge:","timestamp":"2025-11-28T12:44:18.534Z"}
{"level":"info","message":"PandaUra connection closed - running in standalone mode","timestamp":"2025-11-28T12:44:18.536Z"}
{"level":"info","message":"Attempting PandaUra connection to: ws://localhost:8000/ws","timestamp":"2025-11-28T12:44:19.539Z"}
{"level":"warn","message":"PandaUra connection failed for ws://localhost:8000/ws:","timestamp":"2025-11-28T12:44:19.545Z"}
{"level":"info","message":"PandaUra connection closed - running in standalone mode","timestamp":"2025-11-28T12:44:19.545Z"}
{"level":"warn","message":"All PandaUra WebSocket endpoints failed - running in standalone mode","timestamp":"2025-11-28T12:44:20.556Z"}
{"level":"info","message":"Received SIGINT, shutting down gracefully","timestamp":"2025-11-28T12:44:34.109Z"}
{"level":"info","message":"MQTT disabled - skipping MQTT setup","timestamp":"2025-11-28T12:45:14.586Z"}
{"level":"info","message":"Attempting PandaUra connection to: ws://localhost:8000/ws/simulator","timestamp":"2025-11-28T12:45:14.605Z"}
{"level":"info","message":"PandaUra Data Bridge started on port 3001","timestamp":"2025-11-28T12:45:14.646Z"}
{"level":"info","message":"WebSocket server on port 3002","timestamp":"2025-11-28T12:45:14.647Z"}
{"level":"info","message":"Configuration: {\n  \"PORT\": 3001,\n  \"PANDAURA_HOST\": \"localhost:8000\",\n  \"MQTT_BROKER\": \"disabled\",\n  \"CSV_OUTPUT_DIR\": \"./data/csv_exports\",\n  \"LOG_LEVEL\": \"info\",\n  \"SYNC_INTERVAL\": 1000\n}","timestamp":"2025-11-28T12:45:14.647Z"}
{"level":"warn","message":"PandaUra connection failed for ws://localhost:8000/ws/simulator:","timestamp":"2025-11-28T12:45:14.670Z"}
{"level":"info","message":"PandaUra connection closed - running in standalone mode","timestamp":"2025-11-28T12:45:14.672Z"}
{"level":"info","message":"Attempting PandaUra connection to: ws://localhost:8000/ws/data-bridge","timestamp":"2025-11-28T12:45:15.685Z"}
{"level":"warn","message":"PandaUra connection failed for ws://localhost:8000/ws/data-bridge:","timestamp":"2025-11-28T12:45:15.690Z"}
{"level":"info","message":"PandaUra connection closed - running in standalone mode","timestamp":"2025-11-28T12:45:15.691Z"}
{"level":"info","message":"WebSocket client connected: ws_1764333916111_rm9bgxnkp","timestamp":"2025-11-28T12:45:16.111Z"}
{"level":"info","message":"Client ws_1764333916111_rm9bgxnkp subscribed to: Temp_Sensor, Tank_Level","timestamp":"2025-11-28T12:45:16.116Z"}
{"level":"info","message":"Attempting PandaUra connection to: ws://localhost:8000/ws","timestamp":"2025-11-28T12:45:16.692Z"}
{"level":"warn","message":"PandaUra connection failed for ws://localhost:8000/ws:","timestamp":"2025-11-28T12:45:16.696Z"}
{"level":"info","message":"PandaUra connection closed - running in standalone mode","timestamp":"2025-11-28T12:45:16.697Z"}
{"level":"warn","message":"All PandaUra WebSocket endpoints failed - running in standalone mode","timestamp":"2025-11-28T12:45:17.707Z"}
{"level":"info","message":"WebSocket client disconnected: ws_1764333916111_rm9bgxnkp","timestamp":"2025-11-28T12:45:26.131Z"}
